Sender: LSF System <lsfadmin@eu-ms-010-43>
Subject: Job 192159791: <python -u scip_solver.py 8 24 3 7> in cluster <euler> Done

Job <python -u scip_solver.py 8 24 3 7> was submitted from host <eu-login-05> by user <amrollaa> in cluster <euler> at Mon Nov 15 21:44:41 2021
Job was executed on host(s) <eu-ms-010-43>, in queue <normal.4h>, as user <amrollaa> in cluster <euler> at Mon Nov 15 21:44:48 2021
</cluster/home/amrollaa> was used as the home directory.
</cluster/project/infk/krause/andisheh/integrer-programming> was used as the working directory.
Started at Mon Nov 15 21:44:48 2021
Terminated at Mon Nov 15 21:44:50 2021
Results reported at Mon Nov 15 21:44:50 2021

Your job looked like:

------------------------------------------------------------
# LSBATCH: User input
python -u scip_solver.py 8 24 3 7
------------------------------------------------------------

Successfully completed.

Resource usage summary:

    CPU time :                                   0.29 sec.
    Max Memory :                                 73 MB
    Average Memory :                             -
    Total Requested Memory :                     10000.00 MB
    Delta Memory :                               9927.00 MB
    Max Swap :                                   -
    Max Processes :                              -
    Max Threads :                                -
    Run time :                                   24 sec.
    Turnaround time :                            9 sec.

The output (if any) follows:

[0 0 0 1 1 1 0 1 1 1 1 0 0 1 1 1 1 1 0 0 1 0 1 0] [[0 0 1 1 0 0 0 1]
 [0 0 1 1 1 1 1 0]
 [0 1 1 0 0 1 0 0]
 [0 1 0 0 0 0 0 1]
 [0 1 0 1 0 0 1 1]
 [0 0 1 1 0 1 0 0]
 [1 0 0 1 1 1 1 0]
 [0 0 0 1 1 1 0 0]
 [1 0 1 1 0 1 1 1]
 [0 1 1 0 1 0 1 0]
 [1 1 1 1 0 0 0 0]
 [0 1 1 1 0 1 0 1]
 [0 0 0 1 1 1 1 0]
 [1 0 1 0 0 0 0 1]
 [0 1 1 0 0 1 1 0]
 [1 1 1 0 1 0 1 0]
 [0 1 0 0 0 0 0 1]
 [1 0 1 0 0 1 0 1]
 [0 1 1 0 0 0 0 0]
 [1 1 0 1 0 1 0 1]
 [1 0 0 1 1 0 1 1]
 [0 0 1 0 0 1 1 1]
 [1 0 0 1 1 0 1 1]
 [1 1 0 0 0 0 0 0]] [0 0 0 1 0 0 1 1]
presolving:
   (0.0s) symmetry computation started: requiring (bin +, int -, cont +), (fixed: bin -, int +, cont -)
   (0.0s) no symmetry present
presolving (0 rounds: 0 fast, 0 medium, 0 exhaustive):
 0 deleted vars, 0 deleted constraints, 0 added constraints, 0 tightened bounds, 0 added holes, 0 changed sides, 0 changed coefficients
 0 implications, 0 cliques
presolved problem has 8 variables (8 bin, 0 int, 0 impl, 0 cont) and 24 constraints
     24 constraints of type <xor>
transformed objective value is always integral (scale: 1)
Presolving Time: 0.00

 time | node  | left  |LP iter|LP it/n|mem/heur|mdpt |vars |cons |rows |cuts |sepa|confs|strbr|  dualbound   | primalbound  |  gap   | compl. 
t 0.0s|     1 |     0 |     0 |     - | trivial|   0 |   8 |  24 |   0 |   0 |  0 |   0 |   0 | 0.000000e+00 | 0.000000e+00 |   0.00%| unknown

SCIP Status        : problem is solved [optimal solution found]
Solving Time (sec) : 0.00
Solving Nodes      : 1
Primal Bound       : +0.00000000000000e+00 (1 solutions)
Dual Bound         : +0.00000000000000e+00
Gap                : 0.00 %
[0 0 0 1 0 0 1 1] [0 0 0 1 0 0 1 1]
{'status': True, 'time': 0.018608570098876953, 'n': 8, 'm': 24, 'd': 3}
