Sender: LSF System <lsfadmin@eu-ms-026-37>
Subject: Job 192160087: <python -u scip_solver.py 16 26 3 11> in cluster <euler> Done

Job <python -u scip_solver.py 16 26 3 11> was submitted from host <eu-login-05> by user <amrollaa> in cluster <euler> at Mon Nov 15 21:45:24 2021
Job was executed on host(s) <eu-ms-026-37>, in queue <normal.4h>, as user <amrollaa> in cluster <euler> at Mon Nov 15 21:45:25 2021
</cluster/home/amrollaa> was used as the home directory.
</cluster/project/infk/krause/andisheh/integrer-programming> was used as the working directory.
Started at Mon Nov 15 21:45:25 2021
Terminated at Mon Nov 15 21:45:26 2021
Results reported at Mon Nov 15 21:45:26 2021

Your job looked like:

------------------------------------------------------------
# LSBATCH: User input
python -u scip_solver.py 16 26 3 11
------------------------------------------------------------

Successfully completed.

Resource usage summary:

    CPU time :                                   0.26 sec.
    Max Memory :                                 18 MB
    Average Memory :                             0.67 MB
    Total Requested Memory :                     10000.00 MB
    Delta Memory :                               9982.00 MB
    Max Swap :                                   -
    Max Processes :                              4
    Max Threads :                                5
    Run time :                                   0 sec.
    Turnaround time :                            2 sec.

The output (if any) follows:

[0 1 1 0 0 1 1 0 1 0 1 1 1 1 0 0 0 1 0 1 1 0 0 0 1 0] [[0 1 1 0 1 1 0 0 0 1 1 1 0 0 0 0]
 [0 1 1 1 1 1 0 0 0 1 1 1 1 1 0 0]
 [0 1 1 0 1 1 0 0 0 0 0 1 1 1 0 0]
 [0 1 0 0 1 1 1 0 0 1 1 0 0 0 1 0]
 [0 1 1 0 1 0 0 1 1 0 1 1 1 1 1 1]
 [0 1 0 0 1 1 0 1 1 0 1 1 1 0 1 0]
 [1 0 0 0 1 1 0 0 0 0 0 0 0 1 1 0]
 [1 1 1 1 1 1 1 0 1 0 0 0 0 1 1 1]
 [0 0 0 0 1 0 0 1 1 1 0 1 1 1 0 0]
 [1 0 0 0 0 0 1 0 0 0 0 0 0 1 0 1]
 [1 1 1 0 1 0 1 1 1 0 1 0 0 0 0 0]
 [1 1 0 1 1 1 1 1 0 1 1 1 1 0 1 0]
 [1 0 0 1 1 1 0 1 0 0 0 0 0 1 0 0]
 [1 0 0 1 1 0 1 0 0 1 1 0 1 0 0 0]
 [1 1 0 1 1 0 0 0 0 1 1 1 1 1 0 1]
 [1 1 0 0 0 0 1 0 1 0 1 0 1 0 0 0]
 [0 1 1 0 0 0 0 1 1 1 0 0 1 0 1 1]
 [0 1 0 0 0 1 0 0 0 0 1 1 1 0 1 0]
 [1 0 1 1 1 1 0 0 1 0 1 0 1 1 0 0]
 [1 1 1 0 0 1 1 1 1 1 0 0 1 0 0 0]
 [0 0 0 0 0 1 1 1 0 1 0 0 0 1 1 1]
 [0 0 1 1 0 0 1 1 1 0 1 0 0 0 1 1]
 [0 0 1 0 1 0 1 0 0 0 0 0 0 1 1 0]
 [1 1 1 1 1 0 1 0 0 1 0 0 1 1 1 1]
 [0 1 1 0 0 0 1 0 1 0 1 0 0 1 0 0]
 [0 0 0 0 0 0 1 1 1 0 1 1 0 1 1 0]] [0 1 0 0 0 1 0 0 0 0 0 0 1 0 0 0]
presolving:
   (0.0s) symmetry computation started: requiring (bin +, int -, cont +), (fixed: bin -, int +, cont -)
   (0.0s) no symmetry present
presolving (0 rounds: 0 fast, 0 medium, 0 exhaustive):
 0 deleted vars, 0 deleted constraints, 0 added constraints, 0 tightened bounds, 0 added holes, 0 changed sides, 0 changed coefficients
 0 implications, 0 cliques
presolved problem has 16 variables (16 bin, 0 int, 0 impl, 0 cont) and 26 constraints
     26 constraints of type <xor>
transformed objective value is always integral (scale: 1)
Presolving Time: 0.00

 time | node  | left  |LP iter|LP it/n|mem/heur|mdpt |vars |cons |rows |cuts |sepa|confs|strbr|  dualbound   | primalbound  |  gap   | compl. 
t 0.0s|     1 |     0 |     0 |     - | trivial|   0 |  16 |  26 |   0 |   0 |  0 |   0 |   0 | 0.000000e+00 | 0.000000e+00 |   0.00%| unknown

SCIP Status        : problem is solved [optimal solution found]
Solving Time (sec) : 0.00
Solving Nodes      : 1
Primal Bound       : +0.00000000000000e+00 (1 solutions)
Dual Bound         : +0.00000000000000e+00
Gap                : 0.00 %
[0 1 0 0 0 1 0 0 0 0 0 0 1 0 0 0] [0 1 0 0 0 1 0 0 0 0 0 0 1 0 0 0]
{'status': True, 'time': 0.005286693572998047, 'n': 16, 'm': 26, 'd': 3}
