Sender: LSF System <lsfadmin@eu-ms-024-24>
Subject: Job 192159613: <python -u scip_solver.py 4 25 5 0> in cluster <euler> Done

Job <python -u scip_solver.py 4 25 5 0> was submitted from host <eu-login-05> by user <amrollaa> in cluster <euler> at Mon Nov 15 21:44:07 2021
Job was executed on host(s) <eu-ms-024-24>, in queue <normal.4h>, as user <amrollaa> in cluster <euler> at Mon Nov 15 21:44:18 2021
</cluster/home/amrollaa> was used as the home directory.
</cluster/project/infk/krause/andisheh/integrer-programming> was used as the working directory.
Started at Mon Nov 15 21:44:18 2021
Terminated at Mon Nov 15 21:44:20 2021
Results reported at Mon Nov 15 21:44:20 2021

Your job looked like:

------------------------------------------------------------
# LSBATCH: User input
python -u scip_solver.py 4 25 5 0
------------------------------------------------------------

Successfully completed.

Resource usage summary:

    CPU time :                                   0.31 sec.
    Max Memory :                                 73 MB
    Average Memory :                             -
    Total Requested Memory :                     10000.00 MB
    Delta Memory :                               9927.00 MB
    Max Swap :                                   -
    Max Processes :                              -
    Max Threads :                                -
    Run time :                                   2 sec.
    Turnaround time :                            13 sec.

The output (if any) follows:

[1 0 1 1 0 0 0 0 0 1 1 0 1 0 0 0 1 0 0 0 1 0 0 0 1] [[0 0 1 1]
 [1 0 1 1]
 [1 0 0 0]
 [0 1 0 1]
 [1 0 1 1]
 [0 0 0 0]
 [0 1 0 0]
 [1 1 0 1]
 [1 1 1 1]
 [0 0 0 1]
 [0 1 0 1]
 [0 1 0 0]
 [0 1 0 1]
 [0 1 1 0]
 [1 0 1 1]
 [1 0 1 1]
 [1 1 0 0]
 [1 1 0 1]
 [1 0 1 1]
 [0 1 0 0]
 [1 0 0 0]
 [0 0 1 0]
 [0 1 0 0]
 [0 1 0 0]
 [0 0 1 1]] [1 0 0 1]
feasible solution found by trivial heuristic after 0.0 seconds, objective value 0.000000e+00
presolving:
   (0.0s) symmetry computation started: requiring (bin +, int -, cont +), (fixed: bin -, int +, cont -)
   (0.0s) no symmetry present
presolving (0 rounds: 0 fast, 0 medium, 0 exhaustive):
 0 deleted vars, 0 deleted constraints, 0 added constraints, 0 tightened bounds, 0 added holes, 0 changed sides, 0 changed coefficients
 0 implications, 0 cliques
presolved problem has 4 variables (4 bin, 0 int, 0 impl, 0 cont) and 25 constraints
     25 constraints of type <xor>
transformed objective value is always integral (scale: 1)
Presolving Time: 0.00
transformed 1/1 original solutions to the transformed problem space

 time | node  | left  |LP iter|LP it/n|mem/heur|mdpt |vars |cons |rows |cuts |sepa|confs|strbr|  dualbound   | primalbound  |  gap   | compl. 
  0.0s|     1 |     0 |     0 |     - |   597k |   0 |   4 |  25 |   0 |   0 |  0 |   0 |   0 | 0.000000e+00 | 0.000000e+00 |   0.00%| unknown

SCIP Status        : problem is solved [optimal solution found]
Solving Time (sec) : 0.00
Solving Nodes      : 1
Primal Bound       : +0.00000000000000e+00 (1 solutions)
Dual Bound         : +0.00000000000000e+00
Gap                : 0.00 %
[1 0 0 1] [1 0 0 1]
{'status': True, 'time': 0.021861553192138672, 'n': 4, 'm': 25, 'd': 5}
