Sender: LSF System <lsfadmin@eu-ms-002-40>
Subject: Job 192159593: <python -u scip_solver.py 4 5 5 10> in cluster <euler> Done

Job <python -u scip_solver.py 4 5 5 10> was submitted from host <eu-login-05> by user <amrollaa> in cluster <euler> at Mon Nov 15 21:44:03 2021
Job was executed on host(s) <eu-ms-002-40>, in queue <normal.4h>, as user <amrollaa> in cluster <euler> at Mon Nov 15 21:44:18 2021
</cluster/home/amrollaa> was used as the home directory.
</cluster/project/infk/krause/andisheh/integrer-programming> was used as the working directory.
Started at Mon Nov 15 21:44:18 2021
Terminated at Mon Nov 15 21:44:20 2021
Results reported at Mon Nov 15 21:44:20 2021

Your job looked like:

------------------------------------------------------------
# LSBATCH: User input
python -u scip_solver.py 4 5 5 10
------------------------------------------------------------

Successfully completed.

Resource usage summary:

    CPU time :                                   0.32 sec.
    Max Memory :                                 73 MB
    Average Memory :                             -
    Total Requested Memory :                     10000.00 MB
    Delta Memory :                               9927.00 MB
    Max Swap :                                   -
    Max Processes :                              -
    Max Threads :                                -
    Run time :                                   28 sec.
    Turnaround time :                            17 sec.

The output (if any) follows:

[1 0 1 0 1] [[1 1 1 1]
 [0 0 1 1]
 [1 1 0 0]
 [0 0 1 1]
 [1 1 1 1]] [1 0 1 1]
presolving:
   (0.0s) symmetry computation started: requiring (bin +, int -, cont +), (fixed: bin -, int +, cont -)
   (0.0s) symmetry computation finished: 2 generators found (max: 1500, log10 of symmetry group size: 1.2)
presolving (0 rounds: 0 fast, 0 medium, 0 exhaustive):
 0 deleted vars, 0 deleted constraints, 0 added constraints, 0 tightened bounds, 0 added holes, 0 changed sides, 0 changed coefficients
 0 implications, 0 cliques
presolved problem has 4 variables (4 bin, 0 int, 0 impl, 0 cont) and 7 constraints
      5 constraints of type <xor>
      2 constraints of type <orbitope>
transformed objective value is always integral (scale: 1)
Presolving Time: 0.00

 time | node  | left  |LP iter|LP it/n|mem/heur|mdpt |vars |cons |rows |cuts |sepa|confs|strbr|  dualbound   | primalbound  |  gap   | compl. 
p 0.0s|     1 |     0 |     1 |     - |shiftand|   0 |   9 |   8 |   5 |   0 |  0 |   2 |   0 | 0.000000e+00 | 0.000000e+00 |   0.00%| unknown

SCIP Status        : problem is solved [optimal solution found]
Solving Time (sec) : 0.00
Solving Nodes      : 1
Primal Bound       : +0.00000000000000e+00 (1 solutions)
Dual Bound         : +0.00000000000000e+00
Gap                : 0.00 %
[1 0 0 0] [1 0 1 1]
{'status': False, 'time': 0.042862892150878906, 'n': 4, 'm': 5, 'd': 5}
